<!doctype html>
<html lang="">
<head>
    <meta charset="UTF-8">
    <meta name="viewport"
          content="width=device-width, user-scalable=no, initial-scale=1.0, maximum-scale=1.0, minimum-scale=1.0">
    <meta http-equiv="X-UA-Compatible" content="ie=edge">
    <title>Test Results Report - PlayWright Automation</title>

    <link href="reportng.css" rel="stylesheet" type="text/css"/>
</head>
<body>
<div id="meta">
Generated by <a href="http://www.testng.org" target="_blank">TestNG</a> with <a href="https://github.com/testng-team/reportng" target="_blank">ReportNG</a>
at 17:49 IST on Friday 28 April 2023
    <br/><span
    id="systemInfo">Ramya Yelluri@MLI01136&nbsp;/&nbsp;Java 11.0.16.1 (Oracle Corporation)&nbsp;/&nbsp;Windows 11 10.0 (amd64)</span>
</div>
<h1>PlayWright Automation</h1>

<p>
    <a href="index.html">Suites</a>
        &#183; <a href="output.html">Log Output</a>
</p>

<p>Test duration
    : 17.379s</p>


    <table class="resultsTable">
        <tr>
            <th colspan="3" class="header failed">Failed Tests</th>
        </tr>
            <tr>
                <td class="group" colspan="3">com.TestClass.LoginPageTest</td>
            </tr>
    <tr>
        <td class="method">
                loginPageNavigationTest
        </td>
        <td class="duration">
            2.990s
        </td>
        <td class="result">
            <!-- Display the dependencies for skipped test methods -->


            <!-- Show logger output for the test -->

                <a href="javascript:toggleElement('exception-0', 'block')"
                   title="Click to expand/collapse">
                    <b>com.microsoft.playwright.PlaywrightException: Error {<br/>
&nbsp; message=&apos;Target closed<br/>
=========================== logs ===========================<br/>
waiting for locator(&quot;a:text(&apos;Login&apos;)&quot;)<br/>
&nbsp; locator resolved to &lt;a href=&quot;https://naveenautomationlabs.com/opencart/…&gt;Login&lt;/a&gt;<br/>
attempting click action<br/>
&nbsp; waiting for element to be visible, enabled and stable<br/>
&nbsp;&nbsp;&nbsp; element is not visible - waiting...<br/>
============================================================<br/>
&nbsp; name=&apos;Error<br/>
&nbsp; stack=&apos;Error: Target closed<br/>
=========================== logs ===========================<br/>
waiting for locator(&quot;a:text(&apos;Login&apos;)&quot;)<br/>
&nbsp; locator resolved to &lt;a href=&quot;https://naveenautomationlabs.com/opencart/…&gt;Login&lt;/a&gt;<br/>
attempting click action<br/>
&nbsp; waiting for element to be visible, enabled and stable<br/>
&nbsp;&nbsp;&nbsp; element is not visible - waiting...<br/>
============================================================<br/>
&nbsp;&nbsp;&nbsp; at C:\Users\RAMYAY~1\AppData\Local\Temp\playwright-java-10884763192224874390\package\lib\server\firefox\ffConnection.js:189:16<br/>
&nbsp;&nbsp;&nbsp; at new Promise (&lt;anonymous&gt;)<br/>
&nbsp;&nbsp;&nbsp; at FFSession.send (C:\Users\RAMYAY~1\AppData\Local\Temp\playwright-java-10884763192224874390\package\lib\server\firefox\ffConnection.js:185:12)<br/>
&nbsp;&nbsp;&nbsp; at FFExecutionContext.evaluateWithArguments (C:\Users\RAMYAY~1\AppData\Local\Temp\playwright-java-10884763192224874390\package\lib\server\firefox\ffExecutionContext.js:68:41)<br/>
&nbsp;&nbsp;&nbsp; at FrameExecutionContext.evaluateWithArguments (C:\Users\RAMYAY~1\AppData\Local\Temp\playwright-java-10884763192224874390\package\lib\server\javascript.js:60:61)<br/>
&nbsp;&nbsp;&nbsp; at evaluateExpression (C:\Users\RAMYAY~1\AppData\Local\Temp\playwright-java-10884763192224874390\package\lib\server\javascript.js:218:26)<br/>
&nbsp;&nbsp;&nbsp; at async InjectedScriptPollHandler.finish (C:\Users\RAMYAY~1\AppData\Local\Temp\playwright-java-10884763192224874390\package\lib\server\dom.js:850:22)<br/>
&nbsp;&nbsp;&nbsp; at async ElementHandle.evaluatePoll (C:\Users\RAMYAY~1\AppData\Local\Temp\playwright-java-10884763192224874390\package\lib\server\dom.js:154:14)<br/>
&nbsp;&nbsp;&nbsp; at async ElementHandle._waitForElementStates (C:\Users\RAMYAY~1\AppData\Local\Temp\playwright-java-10884763192224874390\package\lib\server\dom.js:754:20)<br/>
&nbsp;&nbsp;&nbsp; at async ElementHandle._performPointerAction (C:\Users\RAMYAY~1\AppData\Local\Temp\playwright-java-10884763192224874390\package\lib\server\dom.js:370:20)<br/>
}</b>
                </a>
                <br/>
                <div class="stackTrace" id="exception-0">
                        com.microsoft.playwright.impl.WaitableResult.get(WaitableResult.java:54)<br/>
                        com.microsoft.playwright.impl.ChannelOwner.runUntil(ChannelOwner.java:111)<br/>
                        com.microsoft.playwright.impl.Connection.sendMessage(Connection.java:126)<br/>
                        com.microsoft.playwright.impl.ChannelOwner.sendMessage(ChannelOwner.java:102)<br/>
                        com.microsoft.playwright.impl.FrameImpl.clickImpl(FrameImpl.java:252)<br/>
                        com.microsoft.playwright.impl.PageImpl.lambda$click$17(PageImpl.java:603)<br/>
                        com.microsoft.playwright.impl.LoggingSupport.lambda$withLogging$0(LoggingSupport.java:36)<br/>
                        com.microsoft.playwright.impl.LoggingSupport.withLogging(LoggingSupport.java:47)<br/>
                        com.microsoft.playwright.impl.ChannelOwner.withLogging(ChannelOwner.java:87)<br/>
                        com.microsoft.playwright.impl.LoggingSupport.withLogging(LoggingSupport.java:35)<br/>
                        com.microsoft.playwright.impl.PageImpl.click(PageImpl.java:602)<br/>
                        com.microsoft.playwright.Page.click(Page.java:3683)<br/>
                        com.OpenCart.HomePage.navigateToLoginPage(HomePage.java:42)<br/>
                        com.TestClass.LoginPageTest.loginPageNavigationTest(LoginPageTest.java:15)<br/>
                        java.base/jdk.internal.reflect.NativeMethodAccessorImpl.invoke0(Native Method)<br/>
                        java.base/jdk.internal.reflect.NativeMethodAccessorImpl.invoke(NativeMethodAccessorImpl.java:62)<br/>
                        java.base/jdk.internal.reflect.DelegatingMethodAccessorImpl.invoke(DelegatingMethodAccessorImpl.java:43)<br/>
                        java.base/java.lang.reflect.Method.invoke(Method.java:566)<br/>
                        org.testng.internal.invokers.MethodInvocationHelper.invokeMethod(MethodInvocationHelper.java:135)<br/>
                        org.testng.internal.invokers.TestInvoker.invokeMethod(TestInvoker.java:673)<br/>
                        org.testng.internal.invokers.TestInvoker.invokeTestMethod(TestInvoker.java:220)<br/>
                        org.testng.internal.invokers.MethodRunner.runInSequence(MethodRunner.java:50)<br/>
                        org.testng.internal.invokers.TestInvoker$MethodInvocationAgent.invoke(TestInvoker.java:945)<br/>
                        org.testng.internal.invokers.TestInvoker.invokeTestMethods(TestInvoker.java:193)<br/>
                        org.testng.internal.invokers.TestMethodWorker.invokeTestMethods(TestMethodWorker.java:146)<br/>
                        org.testng.internal.invokers.TestMethodWorker.run(TestMethodWorker.java:128)<br/>
                        java.base/java.util.ArrayList.forEach(ArrayList.java:1541)<br/>
                        org.testng.TestRunner.privateRun(TestRunner.java:808)<br/>
                        org.testng.TestRunner.run(TestRunner.java:603)<br/>
                        org.testng.SuiteRunner.runTest(SuiteRunner.java:429)<br/>
                        org.testng.SuiteRunner.runSequentially(SuiteRunner.java:423)<br/>
                        org.testng.SuiteRunner.privateRun(SuiteRunner.java:383)<br/>
                        org.testng.SuiteRunner.run(SuiteRunner.java:326)<br/>
                        org.testng.SuiteRunnerWorker.runSuite(SuiteRunnerWorker.java:52)<br/>
                        org.testng.SuiteRunnerWorker.run(SuiteRunnerWorker.java:95)<br/>
                        org.testng.TestNG.runSuitesSequentially(TestNG.java:1249)<br/>
                        org.testng.TestNG.runSuitesLocally(TestNG.java:1169)<br/>
                        org.testng.TestNG.runSuites(TestNG.java:1092)<br/>
                        org.testng.TestNG.run(TestNG.java:1060)<br/>
                        com.intellij.rt.testng.IDEARemoteTestNG.run(IDEARemoteTestNG.java:66)<br/>
                        com.intellij.rt.testng.RemoteTestNGStarter.main(RemoteTestNGStarter.java:109)<br/>
                        <b>Caused by: </b>
                        <a href="javascript:toggleElement('exception-1', 'block')"
                           title="Click to expand/collapse">
                            com.microsoft.playwright.impl.DriverException: Error {<br/>
&nbsp; message=&apos;Target closed<br/>
=========================== logs ===========================<br/>
waiting for locator(&quot;a:text(&apos;Login&apos;)&quot;)<br/>
&nbsp; locator resolved to &lt;a href=&quot;https://naveenautomationlabs.com/opencart/…&gt;Login&lt;/a&gt;<br/>
attempting click action<br/>
&nbsp; waiting for element to be visible, enabled and stable<br/>
&nbsp;&nbsp;&nbsp; element is not visible - waiting...<br/>
============================================================<br/>
&nbsp; name=&apos;Error<br/>
&nbsp; stack=&apos;Error: Target closed<br/>
=========================== logs ===========================<br/>
waiting for locator(&quot;a:text(&apos;Login&apos;)&quot;)<br/>
&nbsp; locator resolved to &lt;a href=&quot;https://naveenautomationlabs.com/opencart/…&gt;Login&lt;/a&gt;<br/>
attempting click action<br/>
&nbsp; waiting for element to be visible, enabled and stable<br/>
&nbsp;&nbsp;&nbsp; element is not visible - waiting...<br/>
============================================================<br/>
&nbsp;&nbsp;&nbsp; at C:\Users\RAMYAY~1\AppData\Local\Temp\playwright-java-10884763192224874390\package\lib\server\firefox\ffConnection.js:189:16<br/>
&nbsp;&nbsp;&nbsp; at new Promise (&lt;anonymous&gt;)<br/>
&nbsp;&nbsp;&nbsp; at FFSession.send (C:\Users\RAMYAY~1\AppData\Local\Temp\playwright-java-10884763192224874390\package\lib\server\firefox\ffConnection.js:185:12)<br/>
&nbsp;&nbsp;&nbsp; at FFExecutionContext.evaluateWithArguments (C:\Users\RAMYAY~1\AppData\Local\Temp\playwright-java-10884763192224874390\package\lib\server\firefox\ffExecutionContext.js:68:41)<br/>
&nbsp;&nbsp;&nbsp; at FrameExecutionContext.evaluateWithArguments (C:\Users\RAMYAY~1\AppData\Local\Temp\playwright-java-10884763192224874390\package\lib\server\javascript.js:60:61)<br/>
&nbsp;&nbsp;&nbsp; at evaluateExpression (C:\Users\RAMYAY~1\AppData\Local\Temp\playwright-java-10884763192224874390\package\lib\server\javascript.js:218:26)<br/>
&nbsp;&nbsp;&nbsp; at async InjectedScriptPollHandler.finish (C:\Users\RAMYAY~1\AppData\Local\Temp\playwright-java-10884763192224874390\package\lib\server\dom.js:850:22)<br/>
&nbsp;&nbsp;&nbsp; at async ElementHandle.evaluatePoll (C:\Users\RAMYAY~1\AppData\Local\Temp\playwright-java-10884763192224874390\package\lib\server\dom.js:154:14)<br/>
&nbsp;&nbsp;&nbsp; at async ElementHandle._waitForElementStates (C:\Users\RAMYAY~1\AppData\Local\Temp\playwright-java-10884763192224874390\package\lib\server\dom.js:754:20)<br/>
&nbsp;&nbsp;&nbsp; at async ElementHandle._performPointerAction (C:\Users\RAMYAY~1\AppData\Local\Temp\playwright-java-10884763192224874390\package\lib\server\dom.js:370:20)<br/>
}
                        </a>
                        <br/>
                        <div class="stackTrace" id="exception-1">
                                com.microsoft.playwright.impl.Connection.dispatch(Connection.java:226)<br/>
                                com.microsoft.playwright.impl.Connection.processOneMessage(Connection.java:206)<br/>
                                com.microsoft.playwright.impl.ChannelOwner.runUntil(ChannelOwner.java:109)<br/>
                                com.microsoft.playwright.impl.Connection.sendMessage(Connection.java:126)<br/>
                                com.microsoft.playwright.impl.ChannelOwner.sendMessage(ChannelOwner.java:102)<br/>
                                com.microsoft.playwright.impl.FrameImpl.clickImpl(FrameImpl.java:252)<br/>
                                com.microsoft.playwright.impl.PageImpl.lambda$click$17(PageImpl.java:603)<br/>
                                com.microsoft.playwright.impl.LoggingSupport.lambda$withLogging$0(LoggingSupport.java:36)<br/>
                                com.microsoft.playwright.impl.LoggingSupport.withLogging(LoggingSupport.java:47)<br/>
                                com.microsoft.playwright.impl.ChannelOwner.withLogging(ChannelOwner.java:87)<br/>
                                com.microsoft.playwright.impl.LoggingSupport.withLogging(LoggingSupport.java:35)<br/>
                                com.microsoft.playwright.impl.PageImpl.click(PageImpl.java:602)<br/>
                                com.microsoft.playwright.Page.click(Page.java:3683)<br/>
                                com.OpenCart.HomePage.navigateToLoginPage(HomePage.java:42)<br/>
                                com.TestClass.LoginPageTest.loginPageNavigationTest(LoginPageTest.java:15)<br/>
                                java.base/jdk.internal.reflect.NativeMethodAccessorImpl.invoke0(Native Method)<br/>
                                java.base/jdk.internal.reflect.NativeMethodAccessorImpl.invoke(NativeMethodAccessorImpl.java:62)<br/>
                                java.base/jdk.internal.reflect.DelegatingMethodAccessorImpl.invoke(DelegatingMethodAccessorImpl.java:43)<br/>
                                java.base/java.lang.reflect.Method.invoke(Method.java:566)<br/>
                                org.testng.internal.invokers.MethodInvocationHelper.invokeMethod(MethodInvocationHelper.java:135)<br/>
                                org.testng.internal.invokers.TestInvoker.invokeMethod(TestInvoker.java:673)<br/>
                                org.testng.internal.invokers.TestInvoker.invokeTestMethod(TestInvoker.java:220)<br/>
                                org.testng.internal.invokers.MethodRunner.runInSequence(MethodRunner.java:50)<br/>
                                org.testng.internal.invokers.TestInvoker$MethodInvocationAgent.invoke(TestInvoker.java:945)<br/>
                                org.testng.internal.invokers.TestInvoker.invokeTestMethods(TestInvoker.java:193)<br/>
                                org.testng.internal.invokers.TestMethodWorker.invokeTestMethods(TestMethodWorker.java:146)<br/>
                                org.testng.internal.invokers.TestMethodWorker.run(TestMethodWorker.java:128)<br/>
                                java.base/java.util.ArrayList.forEach(ArrayList.java:1541)<br/>
                                org.testng.TestRunner.privateRun(TestRunner.java:808)<br/>
                                org.testng.TestRunner.run(TestRunner.java:603)<br/>
                                org.testng.SuiteRunner.runTest(SuiteRunner.java:429)<br/>
                                org.testng.SuiteRunner.runSequentially(SuiteRunner.java:423)<br/>
                                org.testng.SuiteRunner.privateRun(SuiteRunner.java:383)<br/>
                                org.testng.SuiteRunner.run(SuiteRunner.java:326)<br/>
                                org.testng.SuiteRunnerWorker.runSuite(SuiteRunnerWorker.java:52)<br/>
                                org.testng.SuiteRunnerWorker.run(SuiteRunnerWorker.java:95)<br/>
                                org.testng.TestNG.runSuitesSequentially(TestNG.java:1249)<br/>
                                org.testng.TestNG.runSuitesLocally(TestNG.java:1169)<br/>
                                org.testng.TestNG.runSuites(TestNG.java:1092)<br/>
                                org.testng.TestNG.run(TestNG.java:1060)<br/>
                                com.intellij.rt.testng.IDEARemoteTestNG.run(IDEARemoteTestNG.java:66)<br/>
                                com.intellij.rt.testng.RemoteTestNGStarter.main(RemoteTestNGStarter.java:109)<br/>
                        </div>
                </div>
        </td>
    </tr>
    </table>



<script type="text/javascript" src="reportng.js"></script>
</body>
